<?xml version="1.0" encoding="UTF-8"?>
<testsuite xmlns:xsi="http://www.w3.org/2001/XMLSchema-instance" xsi:noNamespaceSchemaLocation="https://maven.apache.org/surefire/maven-surefire-plugin/xsd/surefire-test-report-3.0.xsd" version="3.0" name="PizzaFactoryTest" time="0.1" tests="5" errors="0" skipped="0" failures="0">
  <properties>
[...]
</properties>
  <testcase name="testUnknownPizzaThrows" classname="PizzaFactoryTest" time="0.008"/>
  <testcase name="testLiskovSubstitutionPrinciple" classname="PizzaFactoryTest" time="0.001"/>
  <testcase name="testCreateAllPizzaTypes" classname="PizzaFactoryTest" time="0.0"/>
  <testcase name="testOrderGlutenFreePizzaCutBehavior" classname="PizzaFactoryTest" time="0.0"/>
  <testcase name="testOrderCheesePizzaFlow" classname="PizzaFactoryTest" time="0.0"/>
</testsuite>